<?xml version="1.0" encoding="UTF-8"?>
<testsuite xmlns:xsi="http://www.w3.org/2001/XMLSchema-instance" xsi:noNamespaceSchemaLocation="https://maven.apache.org/surefire/maven-surefire-plugin/xsd/surefire-test-report-3.0.xsd" version="3.0" name="com.ratelimiter.core.TokenBucketLimiterTest" time="6.013" tests="1" errors="0" skipped="0" failures="0">
  <properties>
[...]
</properties>
  <testcase name="concurrentRequests_onlyAllowsExactlyCapacity" classname="com.ratelimiter.core.TokenBucketLimiterTest" time="1.986">
    <system-out><![CDATA[11:51:55.778 [main] INFO org.springframework.test.context.support.AnnotationConfigContextLoaderUtils -- Could not detect default configuration classes for test class [com.ratelimiter.core.TokenBucketLimiterTest]: TokenBucketLimiterTest does not declare any static, non-private, non-final, nested classes annotated with @Configuration.
11:51:55.948 [main] INFO org.springframework.boot.test.context.SpringBootTestContextBootstrapper -- Found @SpringBootConfiguration com.ratelimiter.RateLimiterApplication for test class com.ratelimiter.core.TokenBucketLimiterTest

  .   ____          _            __ _ _
 /\\ / ___'_ __ _ _(_)_ __  __ _ \ \ \ \
( ( )\___ | '_ | '_| | '_ \/ _` | \ \ \ \
 \\/  ___)| |_)| | | | | || (_| |  ) ) ) )
  '  |____| .__|_| |_|_| |_\__, | / / / /
 =========|_|==============|___/=/_/_/_/

 :: Spring Boot ::                (v3.3.2)

2026-08-12T11:51:56.703-07:00  INFO 26656 --- [           main] c.r.core.TokenBucketLimiterTest          : Starting TokenBucketLimiterTest using Java 21.0.12 with PID 26656 (started by Samiksha in C:\Users\Samiksha\OneDrive\Desktop\rate-limit-project)
2026-08-12T11:51:56.706-07:00  INFO 26656 --- [           main] c.r.core.TokenBucketLimiterTest          : No active profile set, falling back to 1 default profile: "default"
2026-08-12T11:51:57.820-07:00  INFO 26656 --- [           main] .s.d.r.c.RepositoryConfigurationDelegate : Multiple Spring Data modules found, entering strict repository configuration mode
2026-08-12T11:51:57.825-07:00  INFO 26656 --- [           main] .s.d.r.c.RepositoryConfigurationDelegate : Bootstrapping Spring Data Redis repositories in DEFAULT mode.
2026-08-12T11:51:57.878-07:00  INFO 26656 --- [           main] .s.d.r.c.RepositoryConfigurationDelegate : Finished Spring Data repository scanning in 29 ms. Found 0 Redis repository interfaces.
2026-08-12T11:51:59.518-07:00  INFO 26656 --- [           main] c.r.core.TokenBucketLimiterTest          : Started TokenBucketLimiterTest in 3.347 seconds (process running for 4.715)
]]></system-out>
    <system-err><![CDATA[WARNING: A Java agent has been loaded dynamically (C:\Users\Samiksha\.m2\repository\net\bytebuddy\byte-buddy-agent\1.14.18\byte-buddy-agent-1.14.18.jar)
WARNING: If a serviceability tool is in use, please run with -XX:+EnableDynamicAgentLoading to hide this warning
WARNING: If a serviceability tool is not in use, please run with -Djdk.instrument.traceUsage for more information
WARNING: Dynamic loading of agents will be disallowed by default in a future release
]]></system-err>
  </testcase>
</testsuite>